<?xml version="1.0" encoding="UTF-8"?>
<!-- Generated by org.testng.reporters.JUnitXMLReporter -->
<testsuite ignored="1" hostname="E0847895" failures="0" tests="2" name="Test(failed)" time="34.626" errors="0" timestamp="2022-08-06T09:23:39 EET">
  <testcase classname="Utilities.extentReportMethods" name="@AfterMethod after" time="1.251">
    <failure type="java.lang.NullPointerException">
      <![CDATA[java.lang.NullPointerException
at Utilities.EvidenceAndScreenShots.InsertAllImagesToTheReport(EvidenceAndScreenShots.java:208)
at Utilities.extentReportMethods.after(extentReportMethods.java:104)
at java.base/java.util.ArrayList.forEach(ArrayList.java:1541)
... Removed 32 stack frames]]>
    </failure>
  </testcase> <!-- @AfterMethod after -->
  <testcase classname="Utilities.extentReportMethods" name="@BeforeMethod beforeMethod" time="-1.65977061919E9">
    <skipped/>
  </testcase> <!-- @BeforeMethod beforeMethod -->
  <testcase classname="Utilities.extentReportMethods" name="@AfterMethod after" time="-1.659770619196E9">
    <skipped/>
  </testcase> <!-- @AfterMethod after -->
  <testcase classname="Utilities.extentReportMethods" name="@AfterTest afterTest" time="-1.659770619199E9">
    <skipped/>
  </testcase> <!-- @AfterTest afterTest -->
  <testcase classname="Utilities.extentReportMethods" name="TestCaseThree" time="31.04"/>
  <testcase classname="Utilities.extentReportMethods" name="TestCaseTwo" time="0.0">
    <skipped/>
  </testcase> <!-- TestCaseTwo -->
  <testcase classname="Utilities.extentReportMethods" name="TestCaseOne" time="0.0">
    <ignored/>
  </testcase> <!-- TestCaseOne -->
</testsuite> <!-- Test(failed) -->
